#-----------------------------------------------------------
# Webtalk v2018.2 (64-bit)
# SW Build 2258646 on Thu Jun 14 20:03:12 MDT 2018
# 
# Start of session at: Wed Feb  6 17:21:09 2019
# Process ID: 5528
# Current directory: C:/Users/Dbr/Documents/LAGO/Zybo_PPSTS/Zybo_PPSTS.sdk/webtalk
# Command line: wbtcv.exe -mode batch -source sdk_webtalk.tcl
# Log file: C:/Users/Dbr/Documents/LAGO/Zybo_PPSTS/Zybo_PPSTS.sdk/webtalk/webtalk.log
# Journal file: C:/Users/Dbr/Documents/LAGO/Zybo_PPSTS/Zybo_PPSTS.sdk/webtalk\webtalk.jou
#-----------------------------------------------------------
source sdk_webtalk.tcl
# webtalk_init -webtalk_dir C:\\Users\\Dbr\\Documents\\LAGO\\Zybo_PPSTS\\Zybo_PPSTS.sdk\\webtalk
# webtalk_register_client -client project
# webtalk_add_data -client project -key date_generated -value "2019-02-06 17:21:06" -context "software_version_and_target_device"
# webtalk_add_data -client project -key product_version -value "SDK v2018.2" -context "software_version_and_target_device"
# webtalk_add_data -client project -key build_version -value "2018.2" -context "software_version_and_target_device"
# webtalk_add_data -client project -key os_platform -value "amd64" -context "software_version_and_target_device"
# webtalk_add_data -client project -key registration_id -value "" -context "software_version_and_target_device"
# webtalk_add_data -client project -key tool_flow -value "SDK" -context "software_version_and_target_device"
# webtalk_add_data -client project -key beta -value "false" -context "software_version_and_target_device"
# webtalk_add_data -client project -key route_design -value "NA" -context "software_version_and_target_device"
# webtalk_add_data -client project -key target_family -value "NA" -context "software_version_and_target_device"
# webtalk_add_data -client project -key target_device -value "NA" -context "software_version_and_target_device"
# webtalk_add_data -client project -key target_package -value "NA" -context "software_version_and_target_device"
# webtalk_add_data -client project -key target_speed -value "NA" -context "software_version_and_target_device"
# webtalk_add_data -client project -key random_id -value "3hbk8gafi0b50fj088squjggru" -context "software_version_and_target_device"
# webtalk_add_data -client project -key project_id -value "2018.2_9" -context "software_version_and_target_device"
# webtalk_add_data -client project -key project_iteration -value "9" -context "software_version_and_target_device"
# webtalk_add_data -client project -key os_name -value "Microsoft Windows 8 or later , 64-bit" -context "user_environment"
# webtalk_add_data -client project -key os_release -value "major release  (build 9200)" -context "user_environment"
# webtalk_add_data -client project -key cpu_name -value "Intel(R) Core(TM) i7-6700HQ CPU @ 2.60GHz" -context "user_environment"
# webtalk_add_data -client project -key cpu_speed -value "2601 MHz" -context "user_environment"
# webtalk_add_data -client project -key total_processors -value "1" -context "user_environment"
# webtalk_add_data -client project -key system_ram -value "12.884 GB" -context "user_environment"
# webtalk_register_client -client sdk
# webtalk_add_data -client sdk -key uid -value "1549494582108" -context "sdk\\\\bsp/1549494582108"
# webtalk_add_data -client sdk -key hwid -value "1549477583592" -context "sdk\\\\bsp/1549494582108"
# webtalk_add_data -client sdk -key os -value "freertos10_xilinx" -context "sdk\\\\bsp/1549494582108"
# webtalk_add_data -client sdk -key apptemplate -value "freertos_hello_world" -context "sdk\\\\bsp/1549494582108"
# webtalk_add_data -client sdk -key RecordType -value "BSPCreation" -context "sdk\\\\bsp/1549494582108"
# webtalk_add_data -client sdk -key uid -value "1549494587505" -context "sdk\\\\application/1549494587505"
# webtalk_add_data -client sdk -key hwid -value "1549477583592" -context "sdk\\\\application/1549494587505"
# webtalk_add_data -client sdk -key bspid -value "1549494582108" -context "sdk\\\\application/1549494587505"
# webtalk_add_data -client sdk -key newbsp -value "true" -context "sdk\\\\application/1549494587505"
# webtalk_add_data -client sdk -key os -value "freertos10_xilinx" -context "sdk\\\\application/1549494587505"
# webtalk_add_data -client sdk -key apptemplate -value "freertos_hello_world" -context "sdk\\\\application/1549494587505"
# webtalk_add_data -client sdk -key RecordType -value "APPCreation" -context "sdk\\\\application/1549494587505"
# webtalk_add_data -client sdk -key LangUsed -value "C" -context "sdk\\\\application/1549494587505"
# webtalk_add_data -client sdk -key Procused -value "ps7_cortexa9" -context "sdk\\\\application/1549494587505"
# webtalk_add_data -client sdk -key uid -value "NA" -context "sdk\\\\bsp/1549495266380"
# webtalk_add_data -client sdk -key RecordType -value "ToolUsage" -context "sdk\\\\bsp/1549495266380"
# webtalk_add_data -client sdk -key BootgenCount -value "0" -context "sdk\\\\bsp/1549495266380"
# webtalk_add_data -client sdk -key DebugCount -value "0" -context "sdk\\\\bsp/1549495266380"
# webtalk_add_data -client sdk -key PerfCount -value "0" -context "sdk\\\\bsp/1549495266380"
# webtalk_add_data -client sdk -key FlashCount -value "0" -context "sdk\\\\bsp/1549495266380"
# webtalk_add_data -client sdk -key CrossTriggCount -value "0" -context "sdk\\\\bsp/1549495266380"
# webtalk_add_data -client sdk -key QemuDebugCount -value "0" -context "sdk\\\\bsp/1549495266380"
# webtalk_transmit -clientid 2185180278 -regid "" -xml C:\\Users\\Dbr\\Documents\\LAGO\\Zybo_PPSTS\\Zybo_PPSTS.sdk\\webtalk\\usage_statistics_ext_sdk.xml -html C:\\Users\\Dbr\\Documents\\LAGO\\Zybo_PPSTS\\Zybo_PPSTS.sdk\\webtalk\\usage_statistics_ext_sdk.html -wdm C:\\Users\\Dbr\\Documents\\LAGO\\Zybo_PPSTS\\Zybo_PPSTS.sdk\\webtalk\\sdk_webtalk.wdm -intro "<H3>SDK Usage Report</H3><BR>"
# webtalk_terminate
INFO: [Common 17-206] Exiting Webtalk at Wed Feb  6 17:21:09 2019...
