12:57:38 INFO  : Registering command handlers for SDK TCF services
12:57:39 INFO  : Launching XSCT server: xsct.bat -interactive C:\Users\Dbr\Documents\Vivado\LAGO\LAGO_ICTP\temp_xsdb_launch_script.tcl
12:57:42 INFO  : XSCT server has started successfully.
12:57:42 INFO  : Successfully done setting XSCT server connection channel  
12:57:43 INFO  : Successfully done setting SDK workspace  
12:57:43 INFO  : Processing command line option -hwspec C:/Users/Dbr/Documents/Vivado/LAGO/LAGO_ICTP/LAGO_ICTP.sdk/design_2_wrapper.hdf.
13:36:40 INFO  : Launching XSCT server: xsct.bat -interactive C:\Users\Dbr\Documents\Vivado\LAGO\LAGO_ICTP\temp_xsdb_launch_script.tcl
13:36:43 INFO  : XSCT server has started successfully.
13:36:43 INFO  : Successfully done setting XSCT server connection channel  
13:36:51 INFO  : Successfully done setting SDK workspace  
13:36:56 INFO  : Registering command handlers for SDK TCF services
13:36:57 INFO  : Processing command line option -hwspec C:/Users/Dbr/Documents/Vivado/LAGO/LAGO_ICTP/LAGO_ICTP.sdk/design_2_wrapper.hdf.
13:36:57 INFO  : Checking for hwspec changes in the project design_2_wrapper_hw_platform_0.
14:19:38 INFO  : Registering command handlers for SDK TCF services
14:19:40 INFO  : Launching XSCT server: xsct.bat -interactive C:\Users\Dbr\Documents\Vivado\LAGO\LAGO_ICTP\temp_xsdb_launch_script.tcl
14:19:43 INFO  : XSCT server has started successfully.
14:19:43 INFO  : Successfully done setting XSCT server connection channel  
14:19:44 INFO  : Successfully done setting SDK workspace  
14:19:44 INFO  : Processing command line option -hwspec C:/Users/Dbr/Documents/Vivado/LAGO/LAGO_ICTP/LAGO_ICTP.sdk/design_2_wrapper.hdf.
14:27:46 INFO  : Connected to target on host '127.0.0.1' and port '3121'.
14:27:47 INFO  : 'targets -set -filter {jtag_cable_name =~ "Digilent Zed 210248650769" && level==0} -index 1' command is executed.
14:27:49 INFO  : FPGA configured successfully with bitstream "C:/Users/Dbr/Documents/Vivado/LAGO/LAGO_ICTP/design_2_wrapper_hw_platform_0/design_2_wrapper.bit"
14:28:06 INFO  : 'targets -set -filter {jtag_cable_name =~ "Digilent Zed 210248650769" && level==0} -index 1' command is executed.
14:28:06 INFO  : 'fpga -state' command is executed.
14:28:06 INFO  : Connected to target on host '127.0.0.1' and port '3121'.
14:28:07 INFO  : Jtag cable 'Digilent Zed 210248650769' is selected.
14:28:07 INFO  : 'jtag frequency' command is executed.
14:28:07 INFO  : Sourcing of 'C:/Users/Dbr/Documents/Vivado/LAGO/LAGO_ICTP/design_2_wrapper_hw_platform_0/ps7_init.tcl' is done.
14:28:07 INFO  : Context for 'APU' is selected.
14:28:07 INFO  : Hardware design information is loaded from 'C:/Users/Dbr/Documents/Vivado/LAGO/LAGO_ICTP/design_2_wrapper_hw_platform_0/system.hdf'.
14:28:07 INFO  : 'configparams force-mem-access 1' command is executed.
14:28:08 INFO  : Context for 'APU' is selected.
14:28:08 INFO  : 'stop' command is executed.
14:28:10 INFO  : 'ps7_init' command is executed.
14:28:10 INFO  : 'ps7_post_config' command is executed.
14:28:10 INFO  : Context for processor 'ps7_cortexa9_0' is selected.
14:28:10 INFO  : Processor reset is completed for 'ps7_cortexa9_0'.
14:28:10 INFO  : Context for processor 'ps7_cortexa9_0' is selected.
14:28:11 INFO  : The application 'C:/Users/Dbr/Documents/Vivado/LAGO/LAGO_ICTP/LAGO_ICTP.sdk/LAGO_wGPS/Debug/LAGO_wGPS.elf' is downloaded to processor 'ps7_cortexa9_0'.
14:28:11 INFO  : 'configparams force-mem-access 0' command is executed.
14:28:11 INFO  : ----------------XSDB Script----------------
connect -url tcp:127.0.0.1:3121
source C:/Users/Dbr/Documents/Vivado/LAGO/LAGO_ICTP/design_2_wrapper_hw_platform_0/ps7_init.tcl
targets -set -nocase -filter {name =~"APU*" && jtag_cable_name =~ "Digilent Zed 210248650769"} -index 0
loadhw -hw C:/Users/Dbr/Documents/Vivado/LAGO/LAGO_ICTP/design_2_wrapper_hw_platform_0/system.hdf -mem-ranges [list {0x40000000 0xbfffffff}]
configparams force-mem-access 1
targets -set -nocase -filter {name =~"APU*" && jtag_cable_name =~ "Digilent Zed 210248650769"} -index 0
stop
ps7_init
ps7_post_config
targets -set -nocase -filter {name =~ "ARM*#0" && jtag_cable_name =~ "Digilent Zed 210248650769"} -index 0
rst -processor
targets -set -nocase -filter {name =~ "ARM*#0" && jtag_cable_name =~ "Digilent Zed 210248650769"} -index 0
dow C:/Users/Dbr/Documents/Vivado/LAGO/LAGO_ICTP/LAGO_ICTP.sdk/LAGO_wGPS/Debug/LAGO_wGPS.elf
configparams force-mem-access 0
----------------End of Script----------------

14:28:11 INFO  : Context for processor 'ps7_cortexa9_0' is selected.
14:28:12 INFO  : 'con' command is executed.
14:28:12 INFO  : ----------------XSDB Script (After Launch)----------------
targets -set -nocase -filter {name =~ "ARM*#0" && jtag_cable_name =~ "Digilent Zed 210248650769"} -index 0
con
----------------End of Script----------------

14:28:12 INFO  : Disconnected from the channel tcfchan#1.
